<?xml version="1.0" encoding="UTF-8"?>
<robot generator="Robot 6.0.2 (Python 3.9.0 on win32)" generated="20230118 12:01:00.839" rpa="false" schemaversion="3">
<suite id="s1" name="Potests" source="C:\Workspace\testingrepo\robot_framework\potests">
<suite id="s1-s1" name="Tests" source="C:\Workspace\testingrepo\robot_framework\potests\tests">
<suite id="s1-s1-s1" name="Tests" source="C:\Workspace\testingrepo\robot_framework\potests\tests\tests.robot">
<test id="s1-s1-s1-t1" name="Adding Product To Cart And Checkout" line="28">
<kw name="Open Browser At Main Page" library="Generic" type="SETUP">
<kw name="Open Browser" library="SeleniumLibrary">
<arg>${URL}</arg>
<arg>${BROWSER}</arg>
<doc>Opens a new browser instance to the optional ``url``.</doc>
<msg timestamp="20230118 12:01:01.548" level="INFO">Opening browser 'chrome' to base url 'https://magento.softwaretestingboard.com/'.</msg>
<status status="PASS" starttime="20230118 12:01:01.546" endtime="20230118 12:01:07.155"/>
</kw>
<kw name="Maximize Browser Window" library="SeleniumLibrary">
<doc>Maximizes current browser window.</doc>
<status status="PASS" starttime="20230118 12:01:07.155" endtime="20230118 12:01:07.308"/>
</kw>
<status status="PASS" starttime="20230118 12:01:01.545" endtime="20230118 12:01:07.308"/>
</kw>
<kw name="Go To Products Page" library="Generic">
<kw name="Sleep" library="BuiltIn">
<arg>2</arg>
<doc>Pauses the test executed for the given time.</doc>
<msg timestamp="20230118 12:01:09.328" level="INFO">Slept 2 seconds</msg>
<status status="PASS" starttime="20230118 12:01:07.313" endtime="20230118 12:01:09.330"/>
</kw>
<kw name="Mouse Over" library="SeleniumLibrary">
<arg>${MEN_NAVBAR}</arg>
<doc>Simulates hovering the mouse over the element ``locator``.</doc>
<msg timestamp="20230118 12:01:09.335" level="INFO">Simulating Mouse Over on element '//span[normalize-space()='Men']'.</msg>
<status status="PASS" starttime="20230118 12:01:09.331" endtime="20230118 12:01:09.659"/>
</kw>
<kw name="Mouse Over" library="SeleniumLibrary">
<arg>${TOPS_NAVBAR}</arg>
<doc>Simulates hovering the mouse over the element ``locator``.</doc>
<msg timestamp="20230118 12:01:09.660" level="INFO">Simulating Mouse Over on element '//a[@id='ui-id-17']//span[contains(text(),'Tops')]'.</msg>
<status status="PASS" starttime="20230118 12:01:09.659" endtime="20230118 12:01:09.959"/>
</kw>
<kw name="Click Element" library="SeleniumLibrary">
<arg>${JACKET_NAVBAR}</arg>
<doc>Click the element identified by ``locator``.</doc>
<msg timestamp="20230118 12:01:09.963" level="INFO">Clicking element '//a[@id='ui-id-19']//span[contains(text(),'Jackets')]'.</msg>
<status status="PASS" starttime="20230118 12:01:09.960" endtime="20230118 12:01:11.395"/>
</kw>
<kw name="Sleep" library="BuiltIn">
<arg>2</arg>
<doc>Pauses the test executed for the given time.</doc>
<msg timestamp="20230118 12:01:13.401" level="INFO">Slept 2 seconds</msg>
<status status="PASS" starttime="20230118 12:01:11.395" endtime="20230118 12:01:13.403"/>
</kw>
<status status="PASS" starttime="20230118 12:01:07.312" endtime="20230118 12:01:13.404"/>
</kw>
<kw name="Add Items To Cart" library="AddProduct">
<arg>${product}</arg>
<msg timestamp="20230118 12:01:13.412" level="INFO">Simulating Mouse Over on element '//img[@alt='Proteus Fitness Jackshirt']'.</msg>
<msg timestamp="20230118 12:01:14.736" level="INFO">Clicking element '(//span[contains(text(),'Add to Cart')])'.</msg>
<msg timestamp="20230118 12:01:18.058" level="INFO">Clicking element '//div[@id='option-label-size-143-item-168']'.</msg>
<msg timestamp="20230118 12:01:18.154" level="INFO">Clicking element '//div[@id='option-label-color-93-item-50']'.</msg>
<msg timestamp="20230118 12:01:18.254" level="INFO">Clicking element '//span[normalize-space()='Add to Cart']'.</msg>
<status status="PASS" starttime="20230118 12:01:13.410" endtime="20230118 12:01:20.109"/>
</kw>
<kw name="Proceed To Checkout" library="ProductDetail">
<kw name="Click Element" library="SeleniumLibrary">
<arg>${SHOPPING_CART}</arg>
<doc>Click the element identified by ``locator``.</doc>
<msg timestamp="20230118 12:01:20.111" level="INFO">Clicking element '//a[@class='action showcart']'.</msg>
<status status="PASS" starttime="20230118 12:01:20.110" endtime="20230118 12:01:20.200"/>
</kw>
<kw name="Click Element" library="SeleniumLibrary">
<arg>${PROCEED_TO_CHECKOUT}</arg>
<doc>Click the element identified by ``locator``.</doc>
<msg timestamp="20230118 12:01:20.202" level="INFO">Clicking element '//button[@id='top-cart-btn-checkout']'.</msg>
<status status="PASS" starttime="20230118 12:01:20.201" endtime="20230118 12:01:21.567"/>
</kw>
<status status="PASS" starttime="20230118 12:01:20.110" endtime="20230118 12:01:21.567"/>
</kw>
<kw name="Added Product Should Be In Checkout Page" library="CheckoutPage">
<arg>zzz</arg>
<kw name="Page Should Contain" library="SeleniumLibrary">
<arg>${product}</arg>
<doc>Verifies that current page contains ``text``.</doc>
<msg timestamp="20230118 12:01:22.081" level="INFO" html="true">&lt;/td&gt;&lt;/tr&gt;&lt;tr&gt;&lt;td colspan="3"&gt;&lt;a href="selenium-screenshot-1.png"&gt;&lt;img src="selenium-screenshot-1.png" width="800px"&gt;&lt;/a&gt;</msg>
<msg timestamp="20230118 12:01:22.083" level="FAIL">Page should have contained text 'zzz' but did not.</msg>
<status status="FAIL" starttime="20230118 12:01:21.569" endtime="20230118 12:01:22.346"/>
</kw>
<status status="FAIL" starttime="20230118 12:01:21.568" endtime="20230118 12:01:22.347"/>
</kw>
<kw name="Close Browser" library="SeleniumLibrary" type="TEARDOWN">
<doc>Closes the current browser.</doc>
<status status="PASS" starttime="20230118 12:01:22.354" endtime="20230118 12:01:26.407"/>
</kw>
<status status="FAIL" starttime="20230118 12:01:01.544" endtime="20230118 12:01:26.408">Page should have contained text 'zzz' but did not.</status>
</test>
<doc>Tests for ecommerce website</doc>
<status status="FAIL" starttime="20230118 12:01:00.914" endtime="20230118 12:01:26.419"/>
</suite>
<status status="FAIL" starttime="20230118 12:01:00.910" endtime="20230118 12:01:26.431"/>
</suite>
<status status="FAIL" starttime="20230118 12:01:00.849" endtime="20230118 12:01:26.440"/>
</suite>
<statistics>
<total>
<stat pass="0" fail="1" skip="0">All Tests</stat>
</total>
<tag>
</tag>
<suite>
<stat pass="0" fail="1" skip="0" id="s1" name="Potests">Potests</stat>
<stat pass="0" fail="1" skip="0" id="s1-s1" name="Tests">Potests.Tests</stat>
<stat pass="0" fail="1" skip="0" id="s1-s1-s1" name="Tests">Potests.Tests.Tests</stat>
</suite>
</statistics>
<errors>
</errors>
</robot>
