<?xml version="1.0" encoding="UTF-8"?>
<robot generator="Robot 6.0.2 (Python 3.9.0 on win32)" generated="20230117 14:20:13.708" rpa="false" schemaversion="3">
<suite id="s1" name="Firsttest" source="c:\Workspace\testingrepo\robot_framework\potests\tests\firsttest.robot">
<test id="s1-t1" name="End To End Products Validation" line="20">
<kw name="Open Browser At Main Page" library="generic" type="SETUP">
<kw name="Open Browser" library="SeleniumLibrary">
<arg>${URL}</arg>
<arg>${BROWSER}</arg>
<doc>Opens a new browser instance to the optional ``url``.</doc>
<msg timestamp="20230117 14:20:14.002" level="INFO">Opening browser 'chrome' to base url 'https://magento.softwaretestingboard.com/'.</msg>
<status status="PASS" starttime="20230117 14:20:14.001" endtime="20230117 14:20:18.445"/>
</kw>
<kw name="Maximize Browser Window" library="SeleniumLibrary">
<doc>Maximizes current browser window.</doc>
<status status="PASS" starttime="20230117 14:20:18.445" endtime="20230117 14:20:18.573"/>
</kw>
<status status="PASS" starttime="20230117 14:20:14.000" endtime="20230117 14:20:18.574"/>
</kw>
<kw name="Go To Products Page" library="generic">
<kw name="Wait Until Element Is Visible" library="SeleniumLibrary">
<arg>${MEN_NAVBAR}</arg>
<doc>Waits until the element ``locator`` is visible.</doc>
<status status="PASS" starttime="20230117 14:20:18.577" endtime="20230117 14:20:18.707"/>
</kw>
<kw name="Mouse Over" library="SeleniumLibrary">
<arg>${MEN_NAVBAR}</arg>
<doc>Simulates hovering the mouse over the element ``locator``.</doc>
<msg timestamp="20230117 14:20:18.708" level="INFO">Simulating Mouse Over on element '//span[normalize-space()='Men']'.</msg>
<status status="PASS" starttime="20230117 14:20:18.707" endtime="20230117 14:20:19.004"/>
</kw>
<kw name="Mouse Over" library="SeleniumLibrary">
<arg>${TOPS_NAVBAR}</arg>
<doc>Simulates hovering the mouse over the element ``locator``.</doc>
<msg timestamp="20230117 14:20:19.005" level="INFO">Simulating Mouse Over on element '//a[@id='ui-id-17']//span[contains(text(),'Tops')]'.</msg>
<status status="PASS" starttime="20230117 14:20:19.005" endtime="20230117 14:20:19.319"/>
</kw>
<kw name="Click Element" library="SeleniumLibrary">
<arg>${JACKET_NAVBAR}</arg>
<doc>Click the element identified by ``locator``.</doc>
<msg timestamp="20230117 14:20:19.321" level="INFO">Clicking element '//a[@id='ui-id-19']//span[contains(text(),'Jackets')]'.</msg>
<status status="PASS" starttime="20230117 14:20:19.320" endtime="20230117 14:20:20.453"/>
</kw>
<kw name="Sleep" library="BuiltIn">
<arg>4</arg>
<doc>Pauses the test executed for the given time.</doc>
<msg timestamp="20230117 14:20:24.464" level="INFO">Slept 4 seconds</msg>
<status status="PASS" starttime="20230117 14:20:20.454" endtime="20230117 14:20:24.465"/>
</kw>
<status status="PASS" starttime="20230117 14:20:18.575" endtime="20230117 14:20:24.465"/>
</kw>
<kw name="Add Items To Cart And Checkout" library="Products">
<arg>${listOfProducts}</arg>
<msg timestamp="20230117 14:20:24.479" level="INFO">odpala sie???</msg>
<status status="PASS" starttime="20230117 14:20:24.466" endtime="20230117 14:20:24.480"/>
</kw>
<kw name="Close Browser" library="SeleniumLibrary" type="TEARDOWN">
<doc>Closes the current browser.</doc>
<status status="PASS" starttime="20230117 14:20:24.481" endtime="20230117 14:20:26.980"/>
</kw>
<status status="PASS" starttime="20230117 14:20:13.999" endtime="20230117 14:20:26.981"/>
</test>
<doc>Tests for ecommerce website</doc>
<status status="PASS" starttime="20230117 14:20:13.714" endtime="20230117 14:20:26.990"/>
</suite>
<statistics>
<total>
<stat pass="1" fail="0" skip="0">All Tests</stat>
</total>
<tag>
</tag>
<suite>
<stat pass="1" fail="0" skip="0" id="s1" name="Firsttest">Firsttest</stat>
</suite>
</statistics>
<errors>
</errors>
</robot>
