<?xml version="1.0" encoding="UTF-8"?>
<robot generator="Robot 6.0.2 (Python 3.9.0 on win32)" generated="20230113 17:55:40.327" rpa="false" schemaversion="3">
<suite id="s1" name="Simpletest" source="c:\Workspace\testingrepo\robot_framework\simpletest.robot">
<test id="s1-t1" name="AB Testing page is loading properly test" line="16">
<kw name="Open Website" type="SETUP">
<kw name="Open Browser" library="SeleniumLibrary">
<arg>${URL}</arg>
<arg>${BROWSER}</arg>
<doc>Opens a new browser instance to the optional ``url``.</doc>
<msg timestamp="20230113 17:55:41.383" level="INFO">Opening browser 'chrome' to base url 'http://the-internet.herokuapp.com/'.</msg>
<status status="PASS" starttime="20230113 17:55:41.379" endtime="20230113 17:55:45.639"/>
</kw>
<kw name="Maximize Browser Window" library="SeleniumLibrary">
<doc>Maximizes current browser window.</doc>
<status status="PASS" starttime="20230113 17:55:45.642" endtime="20230113 17:55:45.792"/>
</kw>
<status status="PASS" starttime="20230113 17:55:41.375" endtime="20230113 17:55:45.793"/>
</kw>
<kw name="Check If Page Is Loaded">
<kw name="Page Should Contain" library="SeleniumLibrary">
<arg>Welcome to the-internet</arg>
<doc>Verifies that current page contains ``text``.</doc>
<msg timestamp="20230113 17:55:45.827" level="INFO">Current page contains text 'Welcome to the-internet'.</msg>
<status status="PASS" starttime="20230113 17:55:45.798" endtime="20230113 17:55:45.828"/>
</kw>
<status status="PASS" starttime="20230113 17:55:45.796" endtime="20230113 17:55:45.829"/>
</kw>
<kw name="Go to A/B Testing">
<kw name="Click Element" library="SeleniumLibrary">
<arg>${AB_TESTING}</arg>
<doc>Click the element identified by ``locator``.</doc>
<msg timestamp="20230113 17:55:45.840" level="INFO">Clicking element '//a[normalize-space()='A/B Testing']'.</msg>
<status status="PASS" starttime="20230113 17:55:45.835" endtime="20230113 17:55:46.203"/>
</kw>
<status status="PASS" starttime="20230113 17:55:45.832" endtime="20230113 17:55:46.205"/>
</kw>
<kw name="Close Browser" library="SeleniumLibrary" type="TEARDOWN">
<doc>Closes the current browser.</doc>
<status status="PASS" starttime="20230113 17:55:46.206" endtime="20230113 17:55:48.432"/>
</kw>
<status status="PASS" starttime="20230113 17:55:41.370" endtime="20230113 17:55:48.440"/>
</test>
<status status="PASS" starttime="20230113 17:55:40.347" endtime="20230113 17:55:48.455"/>
</suite>
<statistics>
<total>
<stat pass="1" fail="0" skip="0">All Tests</stat>
</total>
<tag>
</tag>
<suite>
<stat pass="1" fail="0" skip="0" id="s1" name="Simpletest">Simpletest</stat>
</suite>
</statistics>
<errors>
</errors>
</robot>
