<?xml version="1.0" encoding="UTF-8"?>
<robot generator="Robot 6.0.2 (Python 3.9.0 on win32)" generated="20230117 18:29:39.220" rpa="false" schemaversion="3">
<suite id="s1" name="Tests" source="c:\Workspace\testingrepo\robot_framework\potests\tests\tests.robot">
<test id="s1-t1" name="Adding Product To Cart And Checkout" line="28">
<kw name="Open Browser At Main Page" library="generic" type="SETUP">
<kw name="Open Browser" library="SeleniumLibrary">
<arg>${URL}</arg>
<arg>${BROWSER}</arg>
<doc>Opens a new browser instance to the optional ``url``.</doc>
<msg timestamp="20230117 18:29:39.555" level="INFO">Opening browser 'chrome' to base url 'https://magento.softwaretestingboard.com/'.</msg>
<status status="PASS" starttime="20230117 18:29:39.553" endtime="20230117 18:29:44.227"/>
</kw>
<kw name="Maximize Browser Window" library="SeleniumLibrary">
<doc>Maximizes current browser window.</doc>
<status status="PASS" starttime="20230117 18:29:44.227" endtime="20230117 18:29:44.463"/>
</kw>
<kw name="Set Screenshot Directory" library="SeleniumLibrary">
<arg>/potests/tests/screenshots</arg>
<doc>Sets the directory for captured screenshots.</doc>
<status status="PASS" starttime="20230117 18:29:44.464" endtime="20230117 18:29:44.466"/>
</kw>
<status status="PASS" starttime="20230117 18:29:39.552" endtime="20230117 18:29:44.467"/>
</kw>
<kw name="Go To Products Page" library="generic">
<kw name="Sleep" library="BuiltIn">
<arg>2</arg>
<doc>Pauses the test executed for the given time.</doc>
<msg timestamp="20230117 18:29:46.477" level="INFO">Slept 2 seconds</msg>
<status status="PASS" starttime="20230117 18:29:44.471" endtime="20230117 18:29:46.478"/>
</kw>
<kw name="Mouse Over" library="SeleniumLibrary">
<arg>${MEN_NAVBAR}</arg>
<doc>Simulates hovering the mouse over the element ``locator``.</doc>
<msg timestamp="20230117 18:29:46.481" level="INFO">Simulating Mouse Over on element '//span[normalize-space()='Men']'.</msg>
<status status="PASS" starttime="20230117 18:29:46.479" endtime="20230117 18:29:46.789"/>
</kw>
<kw name="Mouse Over" library="SeleniumLibrary">
<arg>${TOPS_NAVBAR}</arg>
<doc>Simulates hovering the mouse over the element ``locator``.</doc>
<msg timestamp="20230117 18:29:46.791" level="INFO">Simulating Mouse Over on element '//a[@id='ui-id-17']//span[contains(text(),'Tops')]'.</msg>
<status status="PASS" starttime="20230117 18:29:46.790" endtime="20230117 18:29:47.107"/>
</kw>
<kw name="Click Element" library="SeleniumLibrary">
<arg>${JACKET_NAVBAR}</arg>
<doc>Click the element identified by ``locator``.</doc>
<msg timestamp="20230117 18:29:47.110" level="INFO">Clicking element '//a[@id='ui-id-19']//span[contains(text(),'Jackets')]'.</msg>
<status status="PASS" starttime="20230117 18:29:47.108" endtime="20230117 18:29:49.514"/>
</kw>
<kw name="Sleep" library="BuiltIn">
<arg>2</arg>
<doc>Pauses the test executed for the given time.</doc>
<msg timestamp="20230117 18:29:51.519" level="INFO">Slept 2 seconds</msg>
<status status="PASS" starttime="20230117 18:29:49.514" endtime="20230117 18:29:51.520"/>
</kw>
<status status="PASS" starttime="20230117 18:29:44.470" endtime="20230117 18:29:51.520"/>
</kw>
<kw name="Add Items To Cart" library="AddProduct">
<arg>${product}</arg>
<msg timestamp="20230117 18:29:51.522" level="INFO">Simulating Mouse Over on element '//img[@alt='Proteus Fitness Jackshirt']'.</msg>
<msg timestamp="20230117 18:29:52.834" level="INFO">Clicking element '(//span[contains(text(),'Add to Cart')])'.</msg>
<msg timestamp="20230117 18:29:55.661" level="INFO">Clicking element '//div[@id='option-label-size-143-item-168']'.</msg>
<msg timestamp="20230117 18:29:55.766" level="INFO">Clicking element '//div[@id='option-label-color-93-item-50']'.</msg>
<msg timestamp="20230117 18:29:55.863" level="INFO">Clicking element '//span[normalize-space()='Add to Cart']'.</msg>
<status status="PASS" starttime="20230117 18:29:51.521" endtime="20230117 18:29:57.784"/>
</kw>
<kw name="Proceed To Checkout" library="ProductDetail">
<kw name="Click Element" library="SeleniumLibrary">
<arg>${SHOPPING_CART}</arg>
<doc>Click the element identified by ``locator``.</doc>
<msg timestamp="20230117 18:29:57.787" level="INFO">Clicking element '//a[@class='action showcart']'.</msg>
<status status="PASS" starttime="20230117 18:29:57.786" endtime="20230117 18:29:57.878"/>
</kw>
<kw name="Click Element" library="SeleniumLibrary">
<arg>${PROCEED_TO_CHECKOUT}</arg>
<doc>Click the element identified by ``locator``.</doc>
<msg timestamp="20230117 18:29:57.879" level="INFO">Clicking element '//button[@id='top-cart-btn-checkout']'.</msg>
<status status="PASS" starttime="20230117 18:29:57.878" endtime="20230117 18:29:59.252"/>
</kw>
<status status="PASS" starttime="20230117 18:29:57.785" endtime="20230117 18:29:59.253"/>
</kw>
<kw name="Added Product Should Be In Checkout Page" library="CheckoutPage">
<arg>dsadsa</arg>
<kw name="Page Should Contain" library="SeleniumLibrary">
<arg>${product}</arg>
<doc>Verifies that current page contains ``text``.</doc>
<msg timestamp="20230117 18:29:59.587" level="INFO" html="true">&lt;/td&gt;&lt;/tr&gt;&lt;tr&gt;&lt;td colspan="3"&gt;&lt;a href="../../../potests/tests/screenshots/selenium-screenshot-1.png"&gt;&lt;img src="../../../potests/tests/screenshots/selenium-screenshot-1.png" width="800px"&gt;&lt;/a&gt;</msg>
<msg timestamp="20230117 18:29:59.589" level="FAIL">Page should have contained text 'dsadsa' but did not.</msg>
<status status="FAIL" starttime="20230117 18:29:59.257" endtime="20230117 18:29:59.593"/>
</kw>
<status status="FAIL" starttime="20230117 18:29:59.253" endtime="20230117 18:29:59.593"/>
</kw>
<kw name="Sleep" library="BuiltIn">
<arg>10</arg>
<doc>Pauses the test executed for the given time.</doc>
<status status="NOT RUN" starttime="20230117 18:29:59.595" endtime="20230117 18:29:59.596"/>
</kw>
<kw name="Close Browser" library="SeleniumLibrary" type="TEARDOWN">
<doc>Closes the current browser.</doc>
<status status="PASS" starttime="20230117 18:29:59.605" endtime="20230117 18:30:01.926"/>
</kw>
<status status="FAIL" starttime="20230117 18:29:39.551" endtime="20230117 18:30:01.929">Page should have contained text 'dsadsa' but did not.</status>
</test>
<doc>Tests for ecommerce website</doc>
<status status="FAIL" starttime="20230117 18:29:39.228" endtime="20230117 18:30:01.935"/>
</suite>
<statistics>
<total>
<stat pass="0" fail="1" skip="0">All Tests</stat>
</total>
<tag>
</tag>
<suite>
<stat pass="0" fail="1" skip="0" id="s1" name="Tests">Tests</stat>
</suite>
</statistics>
<errors>
</errors>
</robot>
