<?xml version="1.0" encoding="UTF-8"?>
<robot generator="Robot 6.0.2 (Python 3.9.0 on win32)" generated="20230116 16:48:35.151" rpa="false" schemaversion="3">
<suite id="s1" name="Paramtest" source="C:\Workspace\testingrepo\robot_framework\paramtest\paramtest.robot">
<test id="s1-t1" name="Invalid username" line="19">
<kw name="Open Website" type="SETUP">
<kw name="Open Browser" library="SeleniumLibrary">
<arg>${URL}</arg>
<arg>${BROWSER}</arg>
<doc>Opens a new browser instance to the optional ``url``.</doc>
<msg timestamp="20230116 16:48:35.398" level="INFO">Opening browser 'chrome' to base url 'http://the-internet.herokuapp.com/'.</msg>
<status status="PASS" starttime="20230116 16:48:35.397" endtime="20230116 16:48:38.908"/>
</kw>
<kw name="Maximize Browser Window" library="SeleniumLibrary">
<doc>Maximizes current browser window.</doc>
<status status="PASS" starttime="20230116 16:48:38.908" endtime="20230116 16:48:39.031"/>
</kw>
<kw name="Set Screenshot Directory" library="SeleniumLibrary">
<arg>screenshots</arg>
<doc>Sets the directory for captured screenshots.</doc>
<status status="PASS" starttime="20230116 16:48:39.031" endtime="20230116 16:48:39.032"/>
</kw>
<status status="PASS" starttime="20230116 16:48:35.397" endtime="20230116 16:48:39.032"/>
</kw>
<kw name="Validate unsuccesful login">
<arg>matt</arg>
<arg>learning</arg>
<kw name="Check If Page Is Loaded">
<kw name="Page Should Contain" library="SeleniumLibrary">
<arg>Welcome to the-internet</arg>
<doc>Verifies that current page contains ``text``.</doc>
<msg timestamp="20230116 16:48:39.053" level="INFO">Current page contains text 'Welcome to the-internet'.</msg>
<status status="PASS" starttime="20230116 16:48:39.033" endtime="20230116 16:48:39.053"/>
</kw>
<status status="PASS" starttime="20230116 16:48:39.033" endtime="20230116 16:48:39.053"/>
</kw>
<kw name="Go To Login Page">
<kw name="Click Element" library="SeleniumLibrary">
<arg>${LOGIN_PAGE}</arg>
<doc>Click the element identified by ``locator``.</doc>
<msg timestamp="20230116 16:48:39.054" level="INFO">Clicking element '//a[normalize-space()='Form Authentication']'.</msg>
<status status="PASS" starttime="20230116 16:48:39.054" endtime="20230116 16:48:39.512"/>
</kw>
<status status="PASS" starttime="20230116 16:48:39.053" endtime="20230116 16:48:39.512"/>
</kw>
<kw name="Fill The Login Form">
<arg>${username}</arg>
<arg>${password}</arg>
<kw name="Input Text" library="SeleniumLibrary">
<arg>${USERNAME_INPUT}</arg>
<arg>${username}</arg>
<doc>Types the given ``text`` into the text field identified by ``locator``.</doc>
<msg timestamp="20230116 16:48:39.513" level="INFO">Typing text 'matt' into text field '//input[@id='username']'.</msg>
<status status="PASS" starttime="20230116 16:48:39.513" endtime="20230116 16:48:39.599"/>
</kw>
<kw name="Input Text" library="SeleniumLibrary">
<arg>${PASSWORD_INPUT}</arg>
<arg>${password}</arg>
<doc>Types the given ``text`` into the text field identified by ``locator``.</doc>
<msg timestamp="20230116 16:48:39.599" level="INFO">Typing text 'learning' into text field '//input[@id='password']'.</msg>
<status status="PASS" starttime="20230116 16:48:39.599" endtime="20230116 16:48:39.688"/>
</kw>
<kw name="Click Element" library="SeleniumLibrary">
<arg>${LOGIN_BUTTON}</arg>
<doc>Click the element identified by ``locator``.</doc>
<msg timestamp="20230116 16:48:39.689" level="INFO">Clicking element '//i[@class='fa fa-2x fa-sign-in']'.</msg>
<status status="PASS" starttime="20230116 16:48:39.688" endtime="20230116 16:48:40.098"/>
</kw>
<status status="PASS" starttime="20230116 16:48:39.512" endtime="20230116 16:48:40.098"/>
</kw>
<kw name="Verify flash error message">
<kw name="Element Should Contain" library="SeleniumLibrary">
<arg>${ERROR_MSG}</arg>
<arg>Your username is invalid!</arg>
<doc>Verifies that element ``locator`` contains text ``expected``.</doc>
<msg timestamp="20230116 16:48:40.128" level="INFO">Element 'css:.flash' contains text 'Your username is invalid!'.</msg>
<status status="PASS" starttime="20230116 16:48:40.099" endtime="20230116 16:48:40.128"/>
</kw>
<status status="PASS" starttime="20230116 16:48:40.098" endtime="20230116 16:48:40.129"/>
</kw>
<status status="PASS" starttime="20230116 16:48:39.033" endtime="20230116 16:48:40.129"/>
</kw>
<kw name="Close Browser" library="SeleniumLibrary" type="TEARDOWN">
<doc>Closes the current browser.</doc>
<status status="PASS" starttime="20230116 16:48:40.130" endtime="20230116 16:48:42.474"/>
</kw>
<status status="PASS" starttime="20230116 16:48:35.396" endtime="20230116 16:48:42.475"/>
</test>
<test id="s1-t2" name="Invalid username" line="20">
<kw name="Open Website" type="SETUP">
<kw name="Open Browser" library="SeleniumLibrary">
<arg>${URL}</arg>
<arg>${BROWSER}</arg>
<doc>Opens a new browser instance to the optional ``url``.</doc>
<msg timestamp="20230116 16:48:42.487" level="INFO">Opening browser 'chrome' to base url 'http://the-internet.herokuapp.com/'.</msg>
<status status="PASS" starttime="20230116 16:48:42.485" endtime="20230116 16:48:46.361"/>
</kw>
<kw name="Maximize Browser Window" library="SeleniumLibrary">
<doc>Maximizes current browser window.</doc>
<status status="PASS" starttime="20230116 16:48:46.361" endtime="20230116 16:48:46.492"/>
</kw>
<kw name="Set Screenshot Directory" library="SeleniumLibrary">
<arg>screenshots</arg>
<doc>Sets the directory for captured screenshots.</doc>
<status status="PASS" starttime="20230116 16:48:46.492" endtime="20230116 16:48:46.494"/>
</kw>
<status status="PASS" starttime="20230116 16:48:42.483" endtime="20230116 16:48:46.495"/>
</kw>
<kw name="Validate unsuccesful login">
<arg>matt3</arg>
<arg>ploudfg</arg>
<kw name="Check If Page Is Loaded">
<kw name="Page Should Contain" library="SeleniumLibrary">
<arg>Welcome to the-internet</arg>
<doc>Verifies that current page contains ``text``.</doc>
<msg timestamp="20230116 16:48:46.530" level="INFO">Current page contains text 'Welcome to the-internet'.</msg>
<status status="PASS" starttime="20230116 16:48:46.498" endtime="20230116 16:48:46.530"/>
</kw>
<status status="PASS" starttime="20230116 16:48:46.498" endtime="20230116 16:48:46.531"/>
</kw>
<kw name="Go To Login Page">
<kw name="Click Element" library="SeleniumLibrary">
<arg>${LOGIN_PAGE}</arg>
<doc>Click the element identified by ``locator``.</doc>
<msg timestamp="20230116 16:48:46.532" level="INFO">Clicking element '//a[normalize-space()='Form Authentication']'.</msg>
<status status="PASS" starttime="20230116 16:48:46.531" endtime="20230116 16:48:47.005"/>
</kw>
<status status="PASS" starttime="20230116 16:48:46.531" endtime="20230116 16:48:47.006"/>
</kw>
<kw name="Fill The Login Form">
<arg>${username}</arg>
<arg>${password}</arg>
<kw name="Input Text" library="SeleniumLibrary">
<arg>${USERNAME_INPUT}</arg>
<arg>${username}</arg>
<doc>Types the given ``text`` into the text field identified by ``locator``.</doc>
<msg timestamp="20230116 16:48:47.007" level="INFO">Typing text 'matt3' into text field '//input[@id='username']'.</msg>
<status status="PASS" starttime="20230116 16:48:47.006" endtime="20230116 16:48:47.100"/>
</kw>
<kw name="Input Text" library="SeleniumLibrary">
<arg>${PASSWORD_INPUT}</arg>
<arg>${password}</arg>
<doc>Types the given ``text`` into the text field identified by ``locator``.</doc>
<msg timestamp="20230116 16:48:47.101" level="INFO">Typing text 'ploudfg' into text field '//input[@id='password']'.</msg>
<status status="PASS" starttime="20230116 16:48:47.100" endtime="20230116 16:48:47.192"/>
</kw>
<kw name="Click Element" library="SeleniumLibrary">
<arg>${LOGIN_BUTTON}</arg>
<doc>Click the element identified by ``locator``.</doc>
<msg timestamp="20230116 16:48:47.193" level="INFO">Clicking element '//i[@class='fa fa-2x fa-sign-in']'.</msg>
<status status="PASS" starttime="20230116 16:48:47.192" endtime="20230116 16:48:47.595"/>
</kw>
<status status="PASS" starttime="20230116 16:48:47.006" endtime="20230116 16:48:47.595"/>
</kw>
<kw name="Verify flash error message">
<kw name="Element Should Contain" library="SeleniumLibrary">
<arg>${ERROR_MSG}</arg>
<arg>Your username is invalid!</arg>
<doc>Verifies that element ``locator`` contains text ``expected``.</doc>
<msg timestamp="20230116 16:48:47.626" level="INFO">Element 'css:.flash' contains text 'Your username is invalid!'.</msg>
<status status="PASS" starttime="20230116 16:48:47.596" endtime="20230116 16:48:47.627"/>
</kw>
<status status="PASS" starttime="20230116 16:48:47.595" endtime="20230116 16:48:47.627"/>
</kw>
<status status="PASS" starttime="20230116 16:48:46.496" endtime="20230116 16:48:47.627"/>
</kw>
<kw name="Close Browser" library="SeleniumLibrary" type="TEARDOWN">
<doc>Closes the current browser.</doc>
<status status="PASS" starttime="20230116 16:48:47.628" endtime="20230116 16:48:49.838"/>
</kw>
<status status="PASS" starttime="20230116 16:48:42.481" endtime="20230116 16:48:49.838"/>
</test>
<test id="s1-t3" name="Invalid username" line="21">
<kw name="Open Website" type="SETUP">
<kw name="Open Browser" library="SeleniumLibrary">
<arg>${URL}</arg>
<arg>${BROWSER}</arg>
<doc>Opens a new browser instance to the optional ``url``.</doc>
<msg timestamp="20230116 16:48:49.842" level="INFO">Opening browser 'chrome' to base url 'http://the-internet.herokuapp.com/'.</msg>
<status status="PASS" starttime="20230116 16:48:49.841" endtime="20230116 16:48:53.477"/>
</kw>
<kw name="Maximize Browser Window" library="SeleniumLibrary">
<doc>Maximizes current browser window.</doc>
<status status="PASS" starttime="20230116 16:48:53.477" endtime="20230116 16:48:53.599"/>
</kw>
<kw name="Set Screenshot Directory" library="SeleniumLibrary">
<arg>screenshots</arg>
<doc>Sets the directory for captured screenshots.</doc>
<status status="PASS" starttime="20230116 16:48:53.599" endtime="20230116 16:48:53.600"/>
</kw>
<status status="PASS" starttime="20230116 16:48:49.841" endtime="20230116 16:48:53.600"/>
</kw>
<kw name="Validate unsuccesful login">
<arg>matt7</arg>
<arg>learning</arg>
<kw name="Check If Page Is Loaded">
<kw name="Page Should Contain" library="SeleniumLibrary">
<arg>Welcome to the-internet</arg>
<doc>Verifies that current page contains ``text``.</doc>
<msg timestamp="20230116 16:48:53.620" level="INFO">Current page contains text 'Welcome to the-internet'.</msg>
<status status="PASS" starttime="20230116 16:48:53.602" endtime="20230116 16:48:53.620"/>
</kw>
<status status="PASS" starttime="20230116 16:48:53.601" endtime="20230116 16:48:53.620"/>
</kw>
<kw name="Go To Login Page">
<kw name="Click Element" library="SeleniumLibrary">
<arg>${LOGIN_PAGE}</arg>
<doc>Click the element identified by ``locator``.</doc>
<msg timestamp="20230116 16:48:53.621" level="INFO">Clicking element '//a[normalize-space()='Form Authentication']'.</msg>
<status status="PASS" starttime="20230116 16:48:53.621" endtime="20230116 16:48:54.091"/>
</kw>
<status status="PASS" starttime="20230116 16:48:53.620" endtime="20230116 16:48:54.091"/>
</kw>
<kw name="Fill The Login Form">
<arg>${username}</arg>
<arg>${password}</arg>
<kw name="Input Text" library="SeleniumLibrary">
<arg>${USERNAME_INPUT}</arg>
<arg>${username}</arg>
<doc>Types the given ``text`` into the text field identified by ``locator``.</doc>
<msg timestamp="20230116 16:48:54.093" level="INFO">Typing text 'matt7' into text field '//input[@id='username']'.</msg>
<status status="PASS" starttime="20230116 16:48:54.092" endtime="20230116 16:48:54.180"/>
</kw>
<kw name="Input Text" library="SeleniumLibrary">
<arg>${PASSWORD_INPUT}</arg>
<arg>${password}</arg>
<doc>Types the given ``text`` into the text field identified by ``locator``.</doc>
<msg timestamp="20230116 16:48:54.181" level="INFO">Typing text 'learning' into text field '//input[@id='password']'.</msg>
<status status="PASS" starttime="20230116 16:48:54.181" endtime="20230116 16:48:54.272"/>
</kw>
<kw name="Click Element" library="SeleniumLibrary">
<arg>${LOGIN_BUTTON}</arg>
<doc>Click the element identified by ``locator``.</doc>
<msg timestamp="20230116 16:48:54.273" level="INFO">Clicking element '//i[@class='fa fa-2x fa-sign-in']'.</msg>
<status status="PASS" starttime="20230116 16:48:54.273" endtime="20230116 16:48:54.678"/>
</kw>
<status status="PASS" starttime="20230116 16:48:54.091" endtime="20230116 16:48:54.678"/>
</kw>
<kw name="Verify flash error message">
<kw name="Element Should Contain" library="SeleniumLibrary">
<arg>${ERROR_MSG}</arg>
<arg>Your username is invalid!</arg>
<doc>Verifies that element ``locator`` contains text ``expected``.</doc>
<msg timestamp="20230116 16:48:54.705" level="INFO">Element 'css:.flash' contains text 'Your username is invalid!'.</msg>
<status status="PASS" starttime="20230116 16:48:54.678" endtime="20230116 16:48:54.705"/>
</kw>
<status status="PASS" starttime="20230116 16:48:54.678" endtime="20230116 16:48:54.705"/>
</kw>
<status status="PASS" starttime="20230116 16:48:53.601" endtime="20230116 16:48:54.705"/>
</kw>
<kw name="Close Browser" library="SeleniumLibrary" type="TEARDOWN">
<doc>Closes the current browser.</doc>
<status status="PASS" starttime="20230116 16:48:54.706" endtime="20230116 16:48:56.922"/>
</kw>
<status status="PASS" starttime="20230116 16:48:49.840" endtime="20230116 16:48:56.923"/>
</test>
<doc>Validating login form</doc>
<status status="PASS" starttime="20230116 16:48:35.153" endtime="20230116 16:48:56.928"/>
</suite>
<statistics>
<total>
<stat pass="3" fail="0" skip="0">All Tests</stat>
</total>
<tag>
</tag>
<suite>
<stat pass="3" fail="0" skip="0" id="s1" name="Paramtest">Paramtest</stat>
</suite>
</statistics>
<errors>
<msg timestamp="20230116 16:48:42.479" level="WARN">Multiple tests with name 'Invalid username' executed in suite 'Paramtest'.</msg>
<msg timestamp="20230116 16:48:49.840" level="WARN">Multiple tests with name 'Invalid username' executed in suite 'Paramtest'.</msg>
</errors>
</robot>
